<?xml version="1.0" encoding="UTF-8"?>
<!-- Generated by org.testng.reporters.JUnitXMLReporter -->
<testsuite ignored="0" hostname="Lekhana" failures="0" tests="2" name="Test-Runner1" time="10.574" errors="0" timestamp="2025-06-12T08:52:43 IST">
  <testcase classname="inventoryTests.AddProductToCartTest" name="sample" time="0.0"/>
  <testcase classname="inventoryTests.AddProductToCartTest" name="tc_001_AddProductToCartTest" time="2.79"/>
</testsuite> <!-- Test-Runner1 -->
