<?xml version="1.0" encoding="UTF-8"?>
<!-- Generated by org.testng.reporters.JUnitXMLReporter -->
<testsuite ignored="0" hostname="Lekhana" failures="0" tests="2" name="Test-runner-chrome" time="19.088" errors="0" timestamp="2025-06-13T07:42:13 IST">
  <testcase classname="inventoryTests.AddProductToCartTest" name="sample" time="0.002"/>
  <testcase classname="inventoryTests.AddProductToCartTest" name="tc_001_AddProductToCartTest" time="0.0">
    <skipped/>
  </testcase> <!-- tc_001_AddProductToCartTest -->
</testsuite> <!-- Test-runner-chrome -->
