<?xml version="1.0" encoding="UTF-8"?>
<!-- Generated by org.testng.reporters.JUnitXMLReporter -->
<testsuite ignored="0" hostname="Lekhana" failures="0" tests="2" name="Test-runner-edge" time="12.734" errors="0" timestamp="2025-06-13T07:42:07 IST">
  <testcase classname="inventoryTests.AddProductToCartTest" name="sample" time="0.016"/>
  <testcase classname="inventoryTests.AddProductToCartTest" name="tc_001_AddProductToCartTest" time="4.76"/>
</testsuite> <!-- Test-runner-edge -->
