<?xml version="1.0" encoding="UTF-8"?>
<!-- Generated by org.testng.reporters.JUnitXMLReporter -->
<testsuite ignored="0" hostname="Lekhana" failures="0" tests="1" name="Test-Runner2" time="8.34" errors="0" timestamp="2025-06-12T08:52:41 IST">
  <testcase classname="inventoryTests.AddLowestPriceProductToCartTests" name="AddLowestPriceProductToCartTests" time="2.608"/>
</testsuite> <!-- Test-Runner2 -->
