<?xml version="1.0" encoding="UTF-8"?>
<!-- Generated by org.testng.reporters.JUnitReportReporter -->
<testsuite hostname="Lekhana" failures="0" tests="3" name="practice.DataProviderPractice" time="0.012" errors="0" timestamp="2025-06-09T08:51:23 IST" skipped="0">
  <testcase classname="practice.DataProviderPractice" name="sample" time="0.010"/>
  <testcase classname="practice.DataProviderPractice" name="sample" time="0.001"/>
  <testcase classname="practice.DataProviderPractice" name="sample" time="0.001"/>
</testsuite> <!-- practice.DataProviderPractice -->
