<?xml version="1.0" encoding="UTF-8"?>
<!-- Generated by org.testng.reporters.JUnitReportReporter -->
<testsuite hostname="Lekhana" failures="0" tests="1" name="inventoryTests.AddLowestPriceProductToCartTests" time="4.852" errors="0" timestamp="2025-06-16T08:30:04 IST" skipped="0">
  <testcase classname="inventoryTests.AddLowestPriceProductToCartTests" name="AddLowestPriceProductToCartTests" time="4.852"/>
</testsuite> <!-- inventoryTests.AddLowestPriceProductToCartTests -->
