<?xml version="1.0" encoding="UTF-8"?>
<!-- Generated by org.testng.reporters.JUnitReportReporter -->
<testsuite hostname="Lekhana" failures="0" tests="1" name="practice.SampleJDBC" time="1.509" errors="0" timestamp="2025-06-27T08:06:21 IST" skipped="0">
  <testcase classname="practice.SampleJDBC" name="selectQueryExecute" time="1.509"/>
</testsuite> <!-- practice.SampleJDBC -->
